# Server version 0.08 running on 192.168.2.10:8123
# Game ID: 264
# Board class: hus.HusBoard
# Timeout: 30000
# First Move Timeout: 30000
# Date: Sat Apr 02 01:41:28 EDT 2016
# Player 1: Player-0, '260467234', running on 192.168.2.10
# Player 2: Player-1, 'RandomHusPlayer', running on 192.168.2.10
START Player-0 260467234
START Player-1 RandomHusPlayer
PIT 0 23
PIT 1 19
PIT 0 22
PIT 1 2
PIT 0 12
PIT 1 5
PIT 0 28
PIT 1 15
PIT 0 15
PIT 1 0
PIT 0 4
PIT 1 18
PIT 0 22
PIT 1 3
PIT 0 1
PIT 1 1
PIT 0 1
PIT 1 2
PIT 0 1
PIT 1 5
PIT 0 2
PIT 1 3
PIT 0 5
PIT 1 4
PIT 0 0
PIT 1 5
PIT 0 1
PIT 1 10
PIT 0 7
PIT 1 11
PIT 0 11
PIT 1 13
PIT 0 17
GAMEOVER WINNER 0
# Game ended: Sat Apr 02 01:41:37 EDT 2016
