# Server version 0.08 running on wpa074049.wireless.mcgill.ca:8123
# Game ID: 305
# Board class: hus.HusBoard
# Timeout: 30000
# First Move Timeout: 30000
# Date: Sat Apr 02 16:46:28 EDT 2016
# Player 1: Player-0, 'RandomHusPlayer', running on wpa074049.wireless.mcgill.ca
# Player 2: Player-1, '260467234', running on wpa074049.wireless.mcgill.ca
START Player-0 RandomHusPlayer
START Player-1 260467234
PIT 0 0
PIT 1 8
PIT 0 6
PIT 1 14
PIT 0 19
PIT 1 12
PIT 0 18
PIT 1 16
PIT 0 20
PIT 1 17
PIT 0 21
PIT 1 23
PIT 0 27
PIT 1 22
PIT 0 23
PIT 1 0
PIT 0 15
PIT 1 5
PIT 0 6
PIT 1 24
PIT 0 17
PIT 1 26
PIT 0 0
PIT 1 27
PIT 0 1
PIT 1 28
PIT 0 2
PIT 1 29
PIT 0 18
PIT 1 30
PIT 0 10
GAMEOVER WINNER 0
# Game ended: Sat Apr 02 16:46:38 EDT 2016
