# Server version 0.08 running on wpa074049.wireless.mcgill.ca:8123
# Game ID: 361
# Board class: hus.HusBoard
# Timeout: 30000
# First Move Timeout: 30000
# Date: Sat Apr 02 20:20:41 EDT 2016
# Player 1: Player-0, '260467234', running on wpa074049.wireless.mcgill.ca
# Player 2: Player-1, 'RandomHusPlayer', running on wpa074049.wireless.mcgill.ca
START Player-0 260467234
START Player-1 RandomHusPlayer
PIT 0 0
PIT 1 1
PIT 0 21
PIT 1 17
PIT 0 22
PIT 1 19
PIT 0 15
PIT 1 13
PIT 0 16
PIT 1 21
PIT 0 25
PIT 1 11
PIT 0 17
PIT 1 29
PIT 0 27
PIT 1 17
PIT 0 0
PIT 1 21
PIT 0 4
PIT 1 20
PIT 0 5
PIT 1 0
PIT 0 6
PIT 1 1
PIT 0 9
PIT 1 30
PIT 0 10
PIT 1 4
PIT 0 11
PIT 1 1
PIT 0 12
PIT 1 2
PIT 0 13
PIT 1 0
PIT 0 14
PIT 1 1
PIT 0 15
PIT 1 2
PIT 0 16
PIT 1 1
PIT 0 17
PIT 1 4
PIT 0 18
PIT 1 5
GAMEOVER WINNER 1
# Game ended: Sat Apr 02 20:20:52 EDT 2016
