# Server version 0.08 running on cs-2.CS.McGill.CA:8123
# Game ID: 777
# Board class: hus.HusBoard
# Timeout: 2000
# First Move Timeout: 30000
# Date: Wed Apr 06 01:00:39 EDT 2016
# Player 1: Player-0, '260467234', running on localhost
# Player 2: Player-1, 'RandomHusPlayer', running on localhost
START Player-0 260467234
START Player-1 RandomHusPlayer
PIT 0 22
PIT 1 23
PIT 0 21
PIT 1 8
PIT 0 3
PIT 1 14
PIT 0 12
PIT 1 18
PIT 0 18
PIT 1 12
PIT 0 13
PIT 1 19
PIT 0 22
PIT 1 11
PIT 0 14
PIT 1 18
PIT 0 24
PIT 1 22
PIT 0 21
PIT 1 27
