# Server version 0.08 running on cs-2.CS.McGill.CA:8123
# Game ID: 918
# Board class: hus.HusBoard
# Timeout: 2000
# First Move Timeout: 30000
# Date: Wed Apr 06 15:10:32 EDT 2016
# Player 1: Player-0, '260467234', running on localhost
# Player 2: Player-1, 'RandomHusPlayer', running on localhost
START Player-0 260467234
START Player-1 RandomHusPlayer
PIT 0 16
PIT 1 22
PIT 0 15
PIT 1 21
PIT 0 6
PIT 1 2
PIT 0 9
PIT 1 17
PIT 0 1
PIT 1 6
PIT 0 15
PIT 1 15
PIT 0 5
PIT 1 25
PIT 0 6
PIT 1 2
PIT 0 4
PIT 1 23
PIT 0 9
PIT 1 16
PIT 0 0
PIT 1 26
GAMEOVER WINNER 1
# Game ended: Wed Apr 06 15:10:34 EDT 2016
