# Server version 0.08 running on wpa074049.wireless.mcgill.ca:8123
# Game ID: 341
# Board class: hus.HusBoard
# Timeout: 30000
# First Move Timeout: 30000
# Date: Sat Apr 02 19:02:50 EDT 2016
# Player 1: Player-0, '260467234', running on wpa074049.wireless.mcgill.ca
# Player 2: Player-1, 'RandomHusPlayer', running on wpa074049.wireless.mcgill.ca
START Player-0 260467234
START Player-1 RandomHusPlayer
PIT 0 0
PIT 1 20
PIT 0 7
PIT 1 5
PIT 0 9
PIT 1 17
PIT 0 14
PIT 1 22
PIT 0 24
PIT 1 11
PIT 0 21
PIT 1 15
PIT 0 25
PIT 1 24
GAMEOVER TIMEOUT WINNER 1
# Game ended: Sat Apr 02 19:03:51 EDT 2016
