# Server version 0.08 running on wpa074127.wireless.mcgill.ca:8123
# Game ID: 192
# Board class: hus.HusBoard
# Timeout: 2000
# First Move Timeout: 30000
# Date: Thu Mar 31 15:29:04 EDT 2016
# Player 1: Player-0, 'RandomHusPlayer', running on wpa074127.wireless.mcgill.ca
# Player 2: Player-1, 'Human', running on wpa074127.wireless.mcgill.ca
START Player-0 RandomHusPlayer
START Player-1 Human
PIT 0 0
PIT 1 0
PIT 0 18
PIT 1 22
PIT 0 9
PIT 1 18
PIT 0 29
PIT 1 13
PIT 0 21
PIT 1 9
PIT 0 23
PIT 1 4
PIT 0 0
PIT 1 3
PIT 0 2
GAMEOVER USER CANCEL UNDECIDED
# Game ended: Thu Mar 31 15:29:59 EDT 2016
