# Server version 0.08 running on 192.168.2.10:8123
# Game ID: 258
# Board class: hus.HusBoard
# Timeout: 30000
# First Move Timeout: 30000
# Date: Sat Apr 02 01:35:25 EDT 2016
# Player 1: Player-0, '260467234', running on 192.168.2.10
# Player 2: Player-1, 'RandomHusPlayer', running on 192.168.2.10
START Player-0 260467234
START Player-1 RandomHusPlayer
PIT 0 0
PIT 1 15
PIT 0 15
PIT 1 5
PIT 0 22
PIT 1 11
PIT 0 27
PIT 1 4
PIT 0 16
PIT 1 2
PIT 0 21
PIT 1 1
PIT 0 1
PIT 1 9
PIT 0 2
PIT 1 10
PIT 0 0
PIT 1 11
PIT 0 1
PIT 1 0
PIT 0 2
PIT 1 5
PIT 0 5
PIT 1 6
PIT 0 3
PIT 1 7
PIT 0 4
PIT 1 8
PIT 0 5
PIT 1 10
PIT 0 14
PIT 1 14
PIT 0 11
PIT 1 17
PIT 0 22
GAMEOVER WINNER 0
# Game ended: Sat Apr 02 01:35:55 EDT 2016
