# Server version 0.08 running on wpa062028.wireless.mcgill.ca:8123
# Game ID: 43
# Board class: hus.HusBoard
# Timeout: 2000
# First Move Timeout: 30000
# Date: Mon Mar 14 18:01:07 EDT 2016
# Player 1: Player-0, 'RandomHusPlayer', running on localhost
# Player 2: Player-1, '260467234', running on localhost
START Player-0 RandomHusPlayer
START Player-1 260467234
PIT 0 8
PIT 1 0
PIT 0 4
PIT 1 21
PIT 0 5
PIT 1 15
PIT 0 12
PIT 1 9
PIT 0 18
PIT 1 25
PIT 0 1
PIT 1 28
PIT 0 2
PIT 1 18
PIT 0 0
PIT 1 24
PIT 0 13
PIT 1 1
PIT 0 4
PIT 1 22
GAMEOVER WINNER 1
# Game ended: Mon Mar 14 18:01:07 EDT 2016
