# Server version 0.08 running on cs-2.CS.McGill.CA:8123
# Game ID: 818
# Board class: hus.HusBoard
# Timeout: 2000
# First Move Timeout: 30000
# Date: Wed Apr 06 02:11:37 EDT 2016
# Player 1: Player-0, '260467234', running on localhost
# Player 2: Player-1, 'RandomHusPlayer', running on localhost
START Player-0 260467234
START Player-1 RandomHusPlayer
PIT 0 0
PIT 1 1
PIT 0 21
PIT 1 17
PIT 0 22
PIT 1 19
PIT 0 29
PIT 1 11
PIT 0 28
PIT 1 29
PIT 0 0
PIT 1 0
PIT 0 25
PIT 1 24
PIT 0 5
PIT 1 19
PIT 0 31
PIT 1 29
PIT 0 8
PIT 1 17
PIT 0 13
PIT 1 0
GAMEOVER WINNER 1
# Game ended: Wed Apr 06 02:11:44 EDT 2016
