# Server version 0.08 running on 192.168.2.10:8123
# Game ID: 259
# Board class: hus.HusBoard
# Timeout: 30000
# First Move Timeout: 30000
# Date: Sat Apr 02 01:37:46 EDT 2016
# Player 1: Player-0, '260467234', running on 192.168.2.10
# Player 2: Player-1, 'RandomHusPlayer', running on 192.168.2.10
START Player-0 260467234
START Player-1 RandomHusPlayer
PIT 0 23
PIT 1 13
PIT 0 22
PIT 1 1
PIT 0 21
PIT 1 22
PIT 0 23
PIT 1 2
PIT 0 17
PIT 1 0
PIT 0 3
PIT 1 10
PIT 0 1
PIT 1 4
PIT 0 8
GAMEOVER WINNER 0
# Game ended: Sat Apr 02 01:38:01 EDT 2016
