# Server version 0.08 running on cs-2.CS.McGill.CA:8123
# Game ID: 663
# Board class: hus.HusBoard
# Timeout: 2000
# First Move Timeout: 30000
# Date: Tue Apr 05 22:37:25 EDT 2016
# Player 1: Player-0, 'RandomHusPlayer', running on localhost
# Player 2: Player-1, '260467234', running on localhost
START Player-0 RandomHusPlayer
START Player-1 260467234
PIT 0 0
PIT 1 10
PIT 0 21
PIT 1 1
PIT 0 12
PIT 1 14
PIT 0 16
PIT 1 16
PIT 0 13
PIT 1 26
PIT 0 23
PIT 1 27
PIT 0 14
PIT 1 5
PIT 0 4
PIT 1 24
PIT 0 0
PIT 1 29
PIT 0 10
PIT 1 28
PIT 0 1
GAMEOVER WINNER 0
# Game ended: Tue Apr 05 22:37:27 EDT 2016
