# Server version 0.08 running on 192.168.2.10:8123
# Game ID: 234
# Board class: hus.HusBoard
# Timeout: 2000
# First Move Timeout: 30000
# Date: Sat Apr 02 00:20:25 EDT 2016
# Player 1: Player-0, '260467234', running on localhost
# Player 2: Player-1, 'RandomHusPlayer', running on localhost
START Player-0 260467234
START Player-1 RandomHusPlayer
PIT 0 22
PIT 1 22
PIT 0 4
PIT 1 11
PIT 0 8
PIT 1 2
PIT 0 24
PIT 1 19
PIT 0 19
PIT 1 17
PIT 0 14
PIT 1 24
PIT 0 26
PIT 1 26
PIT 0 13
PIT 1 15
PIT 0 20
PIT 1 27
PIT 0 16
PIT 1 14
PIT 0 22
PIT 1 16
PIT 0 6
PIT 1 17
PIT 0 1
PIT 1 18
PIT 0 23
GAMEOVER WINNER 0
# Game ended: Sat Apr 02 00:20:27 EDT 2016
