# Server version 0.08 running on 192.168.2.10:8123
# Game ID: 253
# Board class: hus.HusBoard
# Timeout: 2000
# First Move Timeout: 30000
# Date: Sat Apr 02 01:06:02 EDT 2016
# Player 1: Player-0, '260467234', running on localhost
# Player 2: Player-1, 'RandomHusPlayer', running on localhost
START Player-0 260467234
START Player-1 RandomHusPlayer
PIT 0 23
PIT 1 6
PIT 0 0
PIT 1 4
PIT 0 13
PIT 1 3
PIT 0 12
PIT 1 18
PIT 0 18
PIT 1 0
PIT 0 21
PIT 1 16
PIT 0 6
PIT 1 15
PIT 0 24
PIT 1 22
PIT 0 13
PIT 1 29
PIT 0 18
PIT 1 2
PIT 0 23
PIT 1 27
PIT 0 21
PIT 1 0
PIT 0 12
PIT 1 31
PIT 0 0
PIT 1 3
PIT 0 17
PIT 1 4
PIT 0 1
PIT 1 7
PIT 0 2
PIT 1 5
PIT 0 0
PIT 1 10
PIT 0 1
PIT 1 11
PIT 0 2
PIT 1 12
PIT 0 0
PIT 1 13
PIT 0 0
PIT 1 14
PIT 0 31
PIT 1 15
PIT 0 0
PIT 1 16
PIT 0 6
GAMEOVER WINNER 0
# Game ended: Sat Apr 02 01:06:26 EDT 2016
