# Server version 0.08 running on cs-2.CS.McGill.CA:8123
# Game ID: 920
# Board class: hus.HusBoard
# Timeout: 2000
# First Move Timeout: 30000
# Date: Wed Apr 06 15:16:19 EDT 2016
# Player 1: Player-0, '260467234', running on localhost
# Player 2: Player-1, 'RandomHusPlayer', running on localhost
START Player-0 260467234
START Player-1 RandomHusPlayer
PIT 0 12
PIT 1 22
PIT 0 3
PIT 1 21
PIT 0 16
PIT 1 24
PIT 0 0
PIT 1 15
PIT 0 1
PIT 1 17
PIT 0 3
PIT 1 1
PIT 0 15
PIT 1 2
PIT 0 17
PIT 1 22
GAMEOVER WINNER 1
# Game ended: Wed Apr 06 15:16:21 EDT 2016
