# Server version 0.08 running on wpa074049.wireless.mcgill.ca:8123
# Game ID: 355
# Board class: hus.HusBoard
# Timeout: 30000
# First Move Timeout: 30000
# Date: Sat Apr 02 19:24:00 EDT 2016
# Player 1: Player-0, '260467234', running on wpa074049.wireless.mcgill.ca
# Player 2: Player-1, 'RandomHusPlayer', running on wpa074049.wireless.mcgill.ca
START Player-0 260467234
START Player-1 RandomHusPlayer
PIT 0 0
PIT 1 20
PIT 0 9
PIT 1 1
PIT 0 1
PIT 1 16
PIT 0 6
PIT 1 7
PIT 0 17
PIT 1 0
PIT 0 18
PIT 1 11
PIT 0 22
PIT 1 12
PIT 0 11
PIT 1 13
PIT 0 19
PIT 1 18
PIT 0 27
PIT 1 23
PIT 0 28
PIT 1 19
PIT 0 3
PIT 1 20
PIT 0 1
PIT 1 26
PIT 0 0
PIT 1 1
PIT 0 6
PIT 1 3
