# Server version 0.08 running on lab1-2.CS.McGill.CA:8123
# Game ID: 1037
# Board class: hus.HusBoard
# Timeout: 2000
# First Move Timeout: 30000
# Date: Thu Apr 07 17:42:19 EDT 2016
# Player 1: Player-0, '260467234', running on localhost
# Player 2: Player-1, 'RandomHusPlayer', running on localhost
START Player-0 260467234
START Player-1 RandomHusPlayer
PIT 0 22
PIT 1 22
PIT 0 4
PIT 1 21
PIT 0 19
PIT 1 5
PIT 0 10
PIT 1 15
PIT 0 20
PIT 1 17
PIT 0 25
PIT 1 16
PIT 0 16
PIT 1 22
PIT 0 22
PIT 1 28
PIT 0 21
PIT 1 4
PIT 0 19
PIT 1 2
PIT 0 31
PIT 1 5
PIT 0 26
PIT 1 27
PIT 0 21
PIT 1 3
PIT 0 30
PIT 1 30
PIT 0 31
PIT 1 4
PIT 0 19
PIT 1 1
PIT 0 30
PIT 1 11
PIT 0 28
PIT 1 12
PIT 0 31
PIT 1 10
PIT 0 30
PIT 1 6
PIT 0 31
PIT 1 13
PIT 0 23
PIT 1 14
PIT 0 28
PIT 1 15
PIT 0 31
PIT 1 16
PIT 0 26
GAMEOVER WINNER 0
# Game ended: Thu Apr 07 17:43:05 EDT 2016
