# Server version 0.08 running on lab1-2.CS.McGill.CA:8123
# Game ID: 1009
# Board class: hus.HusBoard
# Timeout: 2000
# First Move Timeout: 30000
# Date: Thu Apr 07 16:38:39 EDT 2016
# Player 1: Player-0, '260467234', running on localhost
# Player 2: Player-1, 'RandomHusPlayer', running on localhost
START Player-0 260467234
START Player-1 RandomHusPlayer
PIT 0 22
PIT 1 22
PIT 0 4
PIT 1 2
PIT 0 16
PIT 1 19
PIT 0 23
PIT 1 18
PIT 0 7
PIT 1 23
PIT 0 11
PIT 1 3
PIT 0 6
PIT 1 1
PIT 0 11
PIT 1 0
PIT 0 30
PIT 1 8
PIT 0 21
PIT 1 9
PIT 0 26
GAMEOVER WINNER 0
# Game ended: Thu Apr 07 16:39:12 EDT 2016
