# Server version 0.08 running on 192.168.2.10:8123
# Game ID: 245
# Board class: hus.HusBoard
# Timeout: 30000
# First Move Timeout: 30000
# Date: Sat Apr 02 01:00:32 EDT 2016
# Player 1: Player-0, '260467234', running on 192.168.2.10
# Player 2: Player-1, 'RandomHusPlayer', running on 192.168.2.10
START Player-0 260467234
START Player-1 RandomHusPlayer
PIT 0 0
PIT 1 4
PIT 0 21
PIT 1 14
PIT 0 12
PIT 1 16
PIT 0 10
PIT 1 22
PIT 0 25
PIT 1 3
PIT 0 20
PIT 1 19
PIT 0 21
PIT 1 2
PIT 0 9
PIT 1 1
PIT 0 13
PIT 1 0
PIT 0 0
GAMEOVER WINNER 0
# Game ended: Sat Apr 02 01:00:55 EDT 2016
