# Server version 0.08 running on 192.168.2.10:8123
# Game ID: 244
# Board class: hus.HusBoard
# Timeout: 30000
# First Move Timeout: 30000
# Date: Sat Apr 02 00:59:36 EDT 2016
# Player 1: Player-0, '260467234', running on 192.168.2.10
# Player 2: Player-1, 'RandomHusPlayer', running on 192.168.2.10
START Player-0 260467234
START Player-1 RandomHusPlayer
PIT 0 0
PIT 1 6
PIT 0 22
PIT 1 21
PIT 0 18
PIT 1 19
PIT 0 13
PIT 1 0
PIT 0 19
PIT 1 12
PIT 0 0
PIT 1 1
PIT 0 1
PIT 1 3
PIT 0 2
PIT 1 6
PIT 0 3
PIT 1 7
PIT 0 6
PIT 1 5
PIT 0 7
PIT 1 9
PIT 0 28
PIT 1 10
PIT 0 0
GAMEOVER WINNER 0
# Game ended: Sat Apr 02 01:00:00 EDT 2016
