# Server version 0.08 running on 192.168.2.10:8123
# Game ID: 238
# Board class: hus.HusBoard
# Timeout: 2000
# First Move Timeout: 30000
# Date: Sat Apr 02 00:20:35 EDT 2016
# Player 1: Player-0, '260467234', running on localhost
# Player 2: Player-1, 'RandomHusPlayer', running on localhost
START Player-0 260467234
START Player-1 RandomHusPlayer
PIT 0 22
PIT 1 3
PIT 0 21
PIT 1 1
PIT 0 17
PIT 1 0
PIT 0 24
PIT 1 18
PIT 0 8
PIT 1 4
PIT 0 1
PIT 1 13
PIT 0 3
PIT 1 6
PIT 0 4
PIT 1 7
PIT 0 24
PIT 1 3
PIT 0 0
GAMEOVER WINNER 0
# Game ended: Sat Apr 02 00:20:37 EDT 2016
