# Server version 0.08 running on cs-2.CS.McGill.CA:8123
# Game ID: 688
# Board class: hus.HusBoard
# Timeout: 2000
# First Move Timeout: 30000
# Date: Tue Apr 05 23:22:02 EDT 2016
# Player 1: Player-0, 'RandomHusPlayer', running on localhost
# Player 2: Player-1, '260467234', running on localhost
START Player-0 RandomHusPlayer
START Player-1 260467234
PIT 0 0
PIT 1 1
PIT 0 21
PIT 1 17
PIT 0 22
PIT 1 19
PIT 0 12
PIT 1 22
PIT 0 19
PIT 1 20
PIT 0 3
PIT 1 13
PIT 0 25
PIT 1 29
PIT 0 23
PIT 1 17
PIT 0 16
PIT 1 16
PIT 0 27
PIT 1 21
PIT 0 31
PIT 1 19
PIT 0 0
PIT 1 0
PIT 0 29
PIT 1 1
PIT 0 4
PIT 1 20
PIT 0 8
PIT 1 0
PIT 0 9
PIT 1 1
PIT 0 10
PIT 1 3
PIT 0 11
PIT 1 5
PIT 0 12
PIT 1 7
PIT 0 13
PIT 1 9
GAMEOVER WINNER 1
# Game ended: Tue Apr 05 23:22:03 EDT 2016
