# Server version 0.08 running on wpa074049.wireless.mcgill.ca:8123
# Game ID: 366
# Board class: hus.HusBoard
# Timeout: 30000
# First Move Timeout: 30000
# Date: Sat Apr 02 20:31:32 EDT 2016
# Player 1: Player-0, '260467234', running on wpa074049.wireless.mcgill.ca
# Player 2: Player-1, 'RandomHusPlayer', running on wpa074049.wireless.mcgill.ca
START Player-0 260467234
START Player-1 RandomHusPlayer
PIT 0 6
PIT 1 0
PIT 0 15
PIT 1 22
PIT 0 9
PIT 1 9
PIT 0 20
PIT 1 13
PIT 0 25
PIT 1 1
PIT 0 26
PIT 1 3
PIT 0 28
PIT 1 8
PIT 0 3
PIT 1 11
PIT 0 24
PIT 1 16
PIT 0 22
PIT 1 6
PIT 0 23
PIT 1 5
PIT 0 1
GAMEOVER WINNER 0
# Game ended: Sat Apr 02 20:31:51 EDT 2016
