# Server version 0.08 running on cs-2.CS.McGill.CA:8123
# Game ID: 836
# Board class: hus.HusBoard
# Timeout: 2000
# First Move Timeout: 30000
# Date: Wed Apr 06 02:35:29 EDT 2016
# Player 1: Player-0, 'RandomHusPlayer', running on localhost
# Player 2: Player-1, '260467234', running on localhost
START Player-0 RandomHusPlayer
START Player-1 260467234
PIT 0 0
PIT 1 0
PIT 0 22
PIT 1 1
PIT 0 12
PIT 1 3
PIT 0 7
PIT 1 6
PIT 0 21
PIT 1 7
PIT 0 30
PIT 1 8
PIT 0 3
PIT 1 10
PIT 0 17
PIT 1 11
PIT 0 23
PIT 1 16
PIT 0 20
GAMEOVER WINNER 0
# Game ended: Wed Apr 06 02:35:32 EDT 2016
