# Server version 0.08 running on wpa062028.wireless.mcgill.ca:8123
# Game ID: 53
# Board class: hus.HusBoard
# Timeout: 2000
# First Move Timeout: 30000
# Date: Mon Mar 14 18:01:40 EDT 2016
# Player 1: Player-0, 'RandomHusPlayer', running on localhost
# Player 2: Player-1, '260467234', running on localhost
START Player-0 RandomHusPlayer
START Player-1 260467234
PIT 0 17
PIT 1 0
PIT 0 1
PIT 1 18
PIT 0 16
PIT 1 24
PIT 0 19
PIT 1 25
PIT 0 8
PIT 1 6
PIT 0 24
PIT 1 4
PIT 0 31
PIT 1 8
PIT 0 4
PIT 1 10
PIT 0 0
PIT 1 21
PIT 0 27
PIT 1 18
PIT 0 1
PIT 1 23
PIT 0 2
PIT 1 0
GAMEOVER WINNER 1
# Game ended: Mon Mar 14 18:01:40 EDT 2016
