# Server version 0.08 running on 192.168.2.10:8123
# Game ID: 457
# Board class: hus.HusBoard
# Timeout: 2000
# First Move Timeout: 30000
# Date: Tue Apr 05 00:19:55 EDT 2016
# Player 1: Player-0, '260467234', running on localhost
# Player 2: Player-1, 'RandomHusPlayer', running on localhost
START Player-0 260467234
START Player-1 RandomHusPlayer
PIT 0 0
PIT 1 20
PIT 0 7
PIT 1 5
PIT 0 9
PIT 1 17
PIT 0 26
PIT 1 15
PIT 0 21
PIT 1 23
PIT 0 14
PIT 1 14
PIT 0 24
PIT 1 28
PIT 0 26
PIT 1 25
PIT 0 23
PIT 1 3
PIT 0 22
PIT 1 0
PIT 0 2
PIT 1 1
GAMEOVER TIMEOUT WINNER 1
# Game ended: Tue Apr 05 00:20:08 EDT 2016
