# Server version 0.08 running on 192.168.2.10:8123
# Game ID: 263
# Board class: hus.HusBoard
# Timeout: 2000
# First Move Timeout: 30000
# Date: Sat Apr 02 01:41:03 EDT 2016
# Player 1: Player-0, '260467234', running on localhost
# Player 2: Player-1, 'RandomHusPlayer', running on localhost
START Player-0 260467234
START Player-1 RandomHusPlayer
PIT 0 22
PIT 1 10
PIT 0 13
PIT 1 3
PIT 0 20
PIT 1 19
PIT 0 14
PIT 1 13
PIT 0 16
PIT 1 2
PIT 0 3
PIT 1 0
PIT 0 2
PIT 1 1
PIT 0 3
PIT 1 3
PIT 0 6
PIT 1 2
PIT 0 20
GAMEOVER WINNER 0
# Game ended: Sat Apr 02 01:41:11 EDT 2016
