# Server version 0.08 running on wpa074049.wireless.mcgill.ca:8123
# Game ID: 294
# Board class: hus.HusBoard
# Timeout: 30000
# First Move Timeout: 30000
# Date: Sat Apr 02 15:17:17 EDT 2016
# Player 1: Player-0, '260467234', running on wpa074049.wireless.mcgill.ca
# Player 2: Player-1, 'RandomHusPlayer', running on wpa074049.wireless.mcgill.ca
START Player-0 260467234
START Player-1 RandomHusPlayer
PIT 0 0
PIT 1 0
PIT 0 22
PIT 1 4
PIT 0 24
PIT 1 13
PIT 0 12
PIT 1 26
PIT 0 18
PIT 1 12
PIT 0 13
PIT 1 14
PIT 0 25
PIT 1 6
PIT 0 0
PIT 1 1
PIT 0 1
GAMEOVER WINNER 0
# Game ended: Sat Apr 02 15:17:30 EDT 2016
