# Server version 0.08 running on cs-2.CS.McGill.CA:8123
# Game ID: 662
# Board class: hus.HusBoard
# Timeout: 2000
# First Move Timeout: 30000
# Date: Tue Apr 05 22:37:22 EDT 2016
# Player 1: Player-0, '260467234', running on localhost
# Player 2: Player-1, 'RandomHusPlayer', running on localhost
START Player-0 260467234
START Player-1 RandomHusPlayer
PIT 0 5
PIT 1 8
PIT 0 20
PIT 1 20
PIT 0 0
PIT 1 11
PIT 0 1
PIT 1 19
PIT 0 17
PIT 1 1
PIT 0 11
PIT 1 25
PIT 0 21
PIT 1 0
PIT 0 14
PIT 1 8
PIT 0 3
PIT 1 4
PIT 0 6
PIT 1 1
PIT 0 11
PIT 1 11
GAMEOVER WINNER 1
# Game ended: Tue Apr 05 22:37:24 EDT 2016
