# Server version 0.08 running on 192.168.2.10:8123
# Game ID: 434
# Board class: hus.HusBoard
# Timeout: 2000
# First Move Timeout: 30000
# Date: Mon Apr 04 22:34:03 EDT 2016
# Player 1: Player-0, '260467234', running on localhost
# Player 2: Player-1, 'RandomHusPlayer', running on localhost
START Player-0 260467234
START Player-1 RandomHusPlayer
PIT 0 13
PIT 1 11
PIT 0 10
PIT 1 21
PIT 0 2
PIT 1 20
PIT 0 5
PIT 1 25
PIT 0 0
PIT 1 27
PIT 0 1
PIT 1 1
PIT 0 3
PIT 1 17
PIT 0 2
PIT 1 0
PIT 0 13
PIT 1 13
PIT 0 5
PIT 1 1
PIT 0 6
PIT 1 7
PIT 0 8
PIT 1 31
PIT 0 12
PIT 1 2
PIT 0 10
PIT 1 0
GAMEOVER TIMEOUT WINNER 1
# Game ended: Mon Apr 04 22:34:13 EDT 2016
