# Server version 0.08 running on 192.168.2.10:8123
# Game ID: 229
# Board class: hus.HusBoard
# Timeout: 30000
# First Move Timeout: 30000
# Date: Sat Apr 02 00:16:32 EDT 2016
# Player 1: Player-0, 'RandomHusPlayer', running on 192.168.2.10
# Player 2: Player-1, '260467234', running on 192.168.2.10
START Player-0 RandomHusPlayer
START Player-1 260467234
PIT 0 17
PIT 1 5
PIT 0 11
PIT 1 17
PIT 0 7
PIT 1 18
PIT 0 2
PIT 1 21
PIT 0 5
PIT 1 22
PIT 0 6
PIT 1 5
PIT 0 0
PIT 1 13
PIT 0 14
PIT 1 1
PIT 0 1
PIT 1 3
PIT 0 3
PIT 1 11
PIT 0 2
PIT 1 6
PIT 0 10
PIT 1 0
PIT 0 5
PIT 1 3
PIT 0 11
PIT 1 4
PIT 0 12
PIT 1 5
PIT 0 6
PIT 1 6
PIT 0 8
PIT 1 11
PIT 0 9
PIT 1 8
PIT 0 7
PIT 1 0
PIT 0 10
PIT 1 27
PIT 0 13
PIT 1 3
PIT 0 17
PIT 1 4
GAMEOVER WINNER 1
# Game ended: Sat Apr 02 00:16:33 EDT 2016
