# Server version 0.08 running on 192.168.2.10:8123
# Game ID: 236
# Board class: hus.HusBoard
# Timeout: 2000
# First Move Timeout: 30000
# Date: Sat Apr 02 00:20:30 EDT 2016
# Player 1: Player-0, '260467234', running on localhost
# Player 2: Player-1, 'RandomHusPlayer', running on localhost
START Player-0 260467234
START Player-1 RandomHusPlayer
PIT 0 22
PIT 1 12
PIT 0 19
PIT 1 3
PIT 0 20
PIT 1 22
PIT 0 13
PIT 1 0
PIT 0 29
PIT 1 11
PIT 0 2
PIT 1 9
PIT 0 5
PIT 1 1
PIT 0 1
PIT 1 2
PIT 0 13
GAMEOVER WINNER 0
# Game ended: Sat Apr 02 00:20:32 EDT 2016
