# Server version 0.08 running on cs-2.CS.McGill.CA:8123
# Game ID: 659
# Board class: hus.HusBoard
# Timeout: 2000
# First Move Timeout: 30000
# Date: Tue Apr 05 22:31:43 EDT 2016
# Player 1: Player-0, 'RandomHusPlayer', running on localhost
# Player 2: Player-1, '260467234', running on localhost
START Player-0 RandomHusPlayer
START Player-1 260467234
PIT 0 0
PIT 1 14
PIT 0 15
PIT 1 17
PIT 0 6
PIT 1 10
PIT 0 10
PIT 1 13
PIT 0 23
PIT 1 16
PIT 0 11
PIT 1 23
PIT 0 17
PIT 1 27
PIT 0 22
PIT 1 30
PIT 0 6
PIT 1 4
PIT 0 15
PIT 1 9
PIT 0 2
PIT 1 26
PIT 0 0
PIT 1 10
PIT 0 1
PIT 1 11
PIT 0 2
PIT 1 12
PIT 0 3
PIT 1 13
PIT 0 13
PIT 1 14
PIT 0 8
GAMEOVER WINNER 0
# Game ended: Tue Apr 05 22:31:50 EDT 2016
