# Server version 0.08 running on 192.168.2.10:8123
# Game ID: 432
# Board class: hus.HusBoard
# Timeout: 2000
# First Move Timeout: 30000
# Date: Mon Apr 04 22:32:33 EDT 2016
# Player 1: Player-0, '260467234', running on localhost
# Player 2: Player-1, 'RandomHusPlayer', running on localhost
START Player-0 260467234
START Player-1 RandomHusPlayer
PIT 0 22
PIT 1 12
PIT 0 8
PIT 1 5
PIT 0 0
PIT 1 21
PIT 0 15
PIT 1 19
PIT 0 14
PIT 1 16
PIT 0 3
PIT 1 20
PIT 0 12
PIT 1 15
PIT 0 7
PIT 1 24
PIT 0 16
PIT 1 9
PIT 0 1
PIT 1 11
PIT 0 5
PIT 1 21
PIT 0 26
PIT 1 1
GAMEOVER TIMEOUT WINNER 1
# Game ended: Mon Apr 04 22:32:51 EDT 2016
