# Server version 0.08 running on 192.168.2.10:8123
# Game ID: 117
# Board class: hus.HusBoard
# Timeout: 300000
# First Move Timeout: 30000
# Date: Mon Mar 28 01:02:19 EDT 2016
# Player 1: Player-0, '260467234', running on 192.168.2.10
# Player 2: Player-1, 'RandomHusPlayer', running on 192.168.2.10
START Player-0 260467234
START Player-1 RandomHusPlayer
PIT 0 0
PIT 1 0
PIT 0 9
PIT 1 18
PIT 0 3
PIT 1 19
PIT 0 4
PIT 1 23
PIT 0 15
PIT 1 20
PIT 0 1
PIT 1 26
PIT 0 5
PIT 1 1
PIT 0 6
PIT 1 2
PIT 0 8
PIT 1 5
PIT 0 10
PIT 1 6
PIT 0 13
PIT 1 0
PIT 0 14
PIT 1 12
GAMEOVER WINNER 1
# Game ended: Mon Mar 28 01:02:20 EDT 2016
