# Server version 0.08 running on 192.168.2.10:8123
# Game ID: 179
# Board class: hus.HusBoard
# Timeout: 300000
# First Move Timeout: 30000
# Date: Wed Mar 30 23:30:58 EDT 2016
# Player 1: Player-0, '260467234', running on 192.168.2.10
# Player 2: Player-1, 'RandomHusPlayer', running on 192.168.2.10
START Player-0 260467234
START Player-1 RandomHusPlayer
PIT 0 0
PIT 1 0
PIT 0 18
PIT 1 9
PIT 0 19
PIT 1 13
PIT 0 22
PIT 1 16
PIT 0 9
PIT 1 21
PIT 0 7
PIT 1 28
PIT 0 20
PIT 1 0
PIT 0 1
PIT 1 1
PIT 0 12
PIT 1 3
PIT 0 18
PIT 1 4
PIT 0 0
PIT 1 5
PIT 0 1
PIT 1 6
PIT 0 2
PIT 1 7
PIT 0 0
PIT 1 8
PIT 0 1
PIT 1 11
PIT 0 29
PIT 1 12
PIT 0 12
PIT 1 16
PIT 0 2
GAMEOVER WINNER 0
# Game ended: Wed Mar 30 23:31:00 EDT 2016
