# Server version 0.08 running on wpa074049.wireless.mcgill.ca:8123
# Game ID: 292
# Board class: hus.HusBoard
# Timeout: 30000
# First Move Timeout: 30000
# Date: Sat Apr 02 15:10:08 EDT 2016
# Player 1: Player-0, '260467234', running on wpa074049.wireless.mcgill.ca
# Player 2: Player-1, 'RandomHusPlayer', running on wpa074049.wireless.mcgill.ca
START Player-0 260467234
START Player-1 RandomHusPlayer
PIT 0 0
PIT 1 17
PIT 0 7
PIT 1 1
PIT 0 18
PIT 1 2
PIT 0 25
PIT 1 0
PIT 0 26
PIT 1 7
PIT 0 19
PIT 1 4
PIT 0 21
PIT 1 9
PIT 0 0
PIT 1 13
PIT 0 1
PIT 1 11
PIT 0 2
GAMEOVER WINNER 0
# Game ended: Sat Apr 02 15:10:08 EDT 2016
