# Server version 0.08 running on wpa074049.wireless.mcgill.ca:8123
# Game ID: 339
# Board class: hus.HusBoard
# Timeout: 2000
# First Move Timeout: 30000
# Date: Sat Apr 02 19:00:36 EDT 2016
# Player 1: Player-0, '260467234', running on wpa074049.wireless.mcgill.ca
# Player 2: Player-1, 'RandomHusPlayer', running on wpa074049.wireless.mcgill.ca
START Player-0 260467234
START Player-1 RandomHusPlayer
PIT 0 0
PIT 1 20
PIT 0 6
PIT 1 1
PIT 0 10
PIT 1 16
PIT 0 19
PIT 1 14
PIT 0 12
PIT 1 13
PIT 0 20
PIT 1 15
PIT 0 18
PIT 1 17
GAMEOVER TIMEOUT WINNER 1
# Game ended: Sat Apr 02 19:01:06 EDT 2016
