# Server version 0.08 running on wpa074127.wireless.mcgill.ca:8123
# Game ID: 196
# Board class: hus.HusBoard
# Timeout: 300000
# First Move Timeout: 30000
# Date: Thu Mar 31 15:40:41 EDT 2016
# Player 1: Player-0, '260467234', running on wpa074127.wireless.mcgill.ca
# Player 2: Player-1, 'RandomHusPlayer', running on wpa074127.wireless.mcgill.ca
START Player-0 260467234
START Player-1 RandomHusPlayer
PIT 0 0
PIT 1 0
PIT 0 22
PIT 1 15
PIT 0 21
PIT 1 16
PIT 0 12
PIT 1 18
PIT 0 6
PIT 1 21
PIT 0 17
PIT 1 1
PIT 0 21
PIT 1 6
PIT 0 0
PIT 1 13
PIT 0 0
PIT 1 25
PIT 0 1
GAMEOVER WINNER 0
# Game ended: Thu Mar 31 15:41:07 EDT 2016
