# Server version 0.08 running on web110073.wireless.mcgill.ca:8123
# Game ID: 221
# Board class: hus.HusBoard
# Timeout: 30000
# First Move Timeout: 30000
# Date: Fri Apr 01 18:28:01 EDT 2016
# Player 1: Player-0, '260467234', running on web110073.wireless.mcgill.ca
# Player 2: Player-1, 'RandomHusPlayer', running on web110073.wireless.mcgill.ca
START Player-0 260467234
START Player-1 RandomHusPlayer
PIT 0 11
PIT 1 7
PIT 0 17
PIT 1 10
PIT 0 15
PIT 1 16
PIT 0 28
PIT 1 20
PIT 0 14
PIT 1 25
PIT 0 12
PIT 1 0
PIT 0 17
PIT 1 6
PIT 0 0
PIT 1 11
PIT 0 26
PIT 1 7
PIT 0 19
PIT 1 8
PIT 0 23
PIT 1 26
PIT 0 3
PIT 1 10
PIT 0 4
GAMEOVER WINNER 0
# Game ended: Fri Apr 01 18:28:05 EDT 2016
