# Server version 0.08 running on wpa062028.wireless.mcgill.ca:8123
# Game ID: 44
# Board class: hus.HusBoard
# Timeout: 2000
# First Move Timeout: 30000
# Date: Mon Mar 14 18:01:09 EDT 2016
# Player 1: Player-0, '260467234', running on localhost
# Player 2: Player-1, 'RandomHusPlayer', running on localhost
START Player-0 260467234
START Player-1 RandomHusPlayer
PIT 0 0
PIT 1 9
PIT 0 18
PIT 1 3
PIT 0 9
PIT 1 15
PIT 0 28
PIT 1 2
PIT 0 10
PIT 1 0
PIT 0 14
PIT 1 1
PIT 0 16
PIT 1 2
PIT 0 0
PIT 1 5
PIT 0 2
PIT 1 7
PIT 0 4
PIT 1 11
PIT 0 5
PIT 1 3
PIT 0 23
GAMEOVER WINNER 0
# Game ended: Mon Mar 14 18:01:09 EDT 2016
