# Server version 0.08 running on cs-2.CS.McGill.CA:8123
# Game ID: 614
# Board class: hus.HusBoard
# Timeout: 2000
# First Move Timeout: 30000
# Date: Tue Apr 05 17:42:00 EDT 2016
# Player 1: Player-0, '260467234', running on localhost
# Player 2: Player-1, 'RandomHusPlayer', running on localhost
START Player-0 260467234
START Player-1 RandomHusPlayer
PIT 0 6
PIT 1 8
PIT 0 13
PIT 1 14
PIT 0 22
PIT 1 12
PIT 0 12
PIT 1 11
PIT 0 21
PIT 1 13
PIT 0 17
PIT 1 16
PIT 0 24
PIT 1 20
PIT 0 22
PIT 1 1
PIT 0 20
PIT 1 17
PIT 0 14
PIT 1 21
PIT 0 16
PIT 1 23
PIT 0 4
PIT 1 26
PIT 0 8
PIT 1 29
PIT 0 11
PIT 1 28
PIT 0 1
PIT 1 5
PIT 0 4
PIT 1 31
PIT 0 18
PIT 1 0
PIT 0 17
PIT 1 5
PIT 0 1
GAMEOVER WINNER 0
# Game ended: Tue Apr 05 17:42:14 EDT 2016
