# Server version 0.08 running on 192.168.2.10:8123
# Game ID: 158
# Board class: hus.HusBoard
# Timeout: 300000
# First Move Timeout: 30000
# Date: Wed Mar 30 22:31:05 EDT 2016
# Player 1: Player-0, '260467234', running on 192.168.2.10
# Player 2: Player-1, 'RandomHusPlayer', running on 192.168.2.10
START Player-0 260467234
START Player-1 RandomHusPlayer
PIT 0 0
PIT 1 0
PIT 0 18
PIT 1 9
PIT 0 19
PIT 1 13
PIT 0 27
PIT 1 15
PIT 0 13
PIT 1 19
PIT 0 12
PIT 1 17
PIT 0 7
PIT 1 18
PIT 0 22
PIT 1 3
PIT 0 13
PIT 1 14
PIT 0 26
PIT 1 28
PIT 0 0
GAMEOVER WINNER 0
# Game ended: Wed Mar 30 22:31:05 EDT 2016
