# Server version 0.08 running on wpa062028.wireless.mcgill.ca:8123
# Game ID: 20
# Board class: hus.HusBoard
# Timeout: 300000
# First Move Timeout: 30000
# Date: Mon Mar 14 17:45:37 EDT 2016
# Player 1: Player-0, '260467234', running on wpa062028.wireless.mcgill.ca
# Player 2: Player-1, 'RandomHusPlayer', running on wpa062028.wireless.mcgill.ca
START Player-0 260467234
START Player-1 RandomHusPlayer
PIT 0 0
PIT 1 14
PIT 0 1
PIT 1 2
PIT 0 3
PIT 1 1
PIT 0 5
PIT 1 20
PIT 0 6
PIT 1 8
PIT 0 8
PIT 1 18
PIT 0 9
PIT 1 21
PIT 0 10
PIT 1 8
PIT 0 21
PIT 1 4
GAMEOVER WINNER 1
# Game ended: Mon Mar 14 17:45:37 EDT 2016
