# Server version 0.08 running on cs-23.CS.McGill.CA:8123
# Game ID: 996
# Board class: hus.HusBoard
# Timeout: 2000
# First Move Timeout: 30000
# Date: Thu Apr 07 04:42:14 EDT 2016
# Player 1: Player-0, '260467234', running on localhost
# Player 2: Player-1, 'RandomHusPlayer', running on localhost
START Player-0 260467234
START Player-1 RandomHusPlayer
PIT 0 22
PIT 1 23
PIT 0 21
PIT 1 8
PIT 0 24
PIT 1 11
PIT 0 3
PIT 1 1
PIT 0 26
PIT 1 17
PIT 0 15
PIT 1 16
PIT 0 18
PIT 1 26
PIT 0 25
PIT 1 18
PIT 0 26
PIT 1 22
PIT 0 10
PIT 1 28
PIT 0 17
PIT 1 23
PIT 0 20
PIT 1 4
PIT 0 25
PIT 1 2
PIT 0 26
PIT 1 5
PIT 0 31
PIT 1 8
