# Server version 0.08 running on wpa074121.wireless.mcgill.ca:8123
# Game ID: 74
# Board class: hus.HusBoard
# Timeout: 300000
# First Move Timeout: 30000
# Date: Wed Mar 16 12:54:03 EDT 2016
# Player 1: Player-0, '260467234', running on wpa074121.wireless.mcgill.ca
# Player 2: Player-1, 'RandomHusPlayer', running on wpa074121.wireless.mcgill.ca
START Player-0 260467234
START Player-1 RandomHusPlayer
PIT 0 0
PIT 1 23
PIT 0 15
PIT 1 15
PIT 0 21
PIT 1 2
PIT 0 16
PIT 1 24
PIT 0 19
PIT 1 11
PIT 0 5
PIT 1 14
PIT 0 11
PIT 1 1
PIT 0 18
PIT 1 16
PIT 0 24
PIT 1 18
PIT 0 1
PIT 1 19
PIT 0 14
PIT 1 0
PIT 0 28
PIT 1 7
PIT 0 2
PIT 1 5
PIT 0 0
GAMEOVER WINNER 0
# Game ended: Wed Mar 16 12:54:03 EDT 2016
