# Server version 0.08 running on wpa062028.wireless.mcgill.ca:8123
# Game ID: 42
# Board class: hus.HusBoard
# Timeout: 2000
# First Move Timeout: 30000
# Date: Mon Mar 14 18:01:06 EDT 2016
# Player 1: Player-0, '260467234', running on localhost
# Player 2: Player-1, 'RandomHusPlayer', running on localhost
START Player-0 260467234
START Player-1 RandomHusPlayer
PIT 0 0
PIT 1 15
PIT 0 15
PIT 1 8
PIT 0 19
PIT 1 0
PIT 0 9
PIT 1 3
PIT 0 21
PIT 1 9
PIT 0 0
PIT 1 7
PIT 0 1
PIT 1 10
PIT 0 2
PIT 1 1
PIT 0 3
PIT 1 5
PIT 0 4
PIT 1 12
PIT 0 5
PIT 1 15
PIT 0 0
PIT 1 16
PIT 0 1
PIT 1 17
PIT 0 15
PIT 1 8
PIT 0 0
PIT 1 10
PIT 0 3
PIT 1 9
PIT 0 0
PIT 1 12
PIT 0 15
PIT 1 6
PIT 0 0
PIT 1 13
PIT 0 1
GAMEOVER WINNER 0
# Game ended: Mon Mar 14 18:01:06 EDT 2016
