# Server version 0.08 running on wpa062028.wireless.mcgill.ca:8123
# Game ID: 14
# Board class: hus.HusBoard
# Timeout: 2000
# First Move Timeout: 30000
# Date: Mon Mar 14 17:43:21 EDT 2016
# Player 1: Player-0, 'RandomHusPlayer', running on localhost
# Player 2: Player-1, '260467234', running on localhost
START Player-0 RandomHusPlayer
START Player-1 260467234
PIT 0 22
PIT 1 0
PIT 0 20
PIT 1 1
PIT 0 0
PIT 1 3
PIT 0 10
PIT 1 5
PIT 0 21
PIT 1 6
PIT 0 19
PIT 1 8
PIT 0 6
PIT 1 9
PIT 0 4
PIT 1 12
PIT 0 17
PIT 1 14
PIT 0 11
PIT 1 17
PIT 0 1
PIT 1 20
PIT 0 0
GAMEOVER WINNER 0
# Game ended: Mon Mar 14 17:43:22 EDT 2016
