# Server version 0.08 running on cs-23.CS.McGill.CA:8123
# Game ID: 990
# Board class: hus.HusBoard
# Timeout: 2000
# First Move Timeout: 30000
# Date: Thu Apr 07 04:32:52 EDT 2016
# Player 1: Player-0, '260467234', running on localhost
# Player 2: Player-1, 'RandomHusPlayer', running on localhost
START Player-0 260467234
START Player-1 RandomHusPlayer
PIT 0 6
PIT 1 11
PIT 0 5
PIT 1 8
PIT 0 21
PIT 1 9
PIT 0 19
PIT 1 13
PIT 0 2
PIT 1 19
PIT 0 9
PIT 1 23
PIT 0 16
PIT 1 16
PIT 0 17
PIT 1 2
GAMEOVER TIMEOUT WINNER 1
# Game ended: Thu Apr 07 04:33:32 EDT 2016
