# Server version 0.08 running on web110066.wireless.mcgill.ca:8123
# Game ID: 131
# Board class: hus.HusBoard
# Timeout: 300000
# First Move Timeout: 30000
# Date: Tue Mar 29 12:43:04 EDT 2016
# Player 1: Player-0, '260467234', running on web110066.wireless.mcgill.ca
# Player 2: Player-1, 'RandomHusPlayer', running on web110066.wireless.mcgill.ca
START Player-0 260467234
START Player-1 RandomHusPlayer
PIT 0 0
PIT 1 0
PIT 0 1
PIT 1 21
PIT 0 3
PIT 1 15
PIT 0 5
PIT 1 19
PIT 0 8
PIT 1 9
PIT 0 11
PIT 1 3
GAMEOVER WINNER 1
# Game ended: Tue Mar 29 12:43:05 EDT 2016
